2022-02-15 00:13:21.939 [] [main] INFO  com.liwg.redisstudy.RedisStudyApplicationTests[55] || Starting RedisStudyApplicationTests using Java 1.8.0_171 on DESKTOP-AS2ORGJ with PID 9204 (started by 651916120 in E:\git-temp\redisStudy)
2022-02-15 00:13:21.941 [] [main] INFO  com.liwg.redisstudy.RedisStudyApplicationTests[637] || No active profile set, falling back to default profiles: default
2022-02-15 00:13:22.676 [] [main] INFO  o.s.d.r.config.RepositoryConfigurationDelegate[262] || Multiple Spring Data modules found, entering strict repository configuration mode!
2022-02-15 00:13:24.682 [] [main] INFO  o.s.d.r.config.RepositoryConfigurationDelegate[132] || Bootstrapping Spring Data Redis repositories in DEFAULT mode.
2022-02-15 00:13:24.747 [] [main] INFO  o.s.d.r.config.RepositoryConfigurationDelegate[201] || Finished Spring Data repository scanning in 9 ms. Found 0 Redis repository interfaces.
2022-02-15 00:13:29.842 [] [main] INFO  com.liwg.redisstudy.RedisStudyApplicationTests[61] || Started RedisStudyApplicationTests in 8.465 seconds (JVM running for 9.762)
2022-02-15 00:31:26.546 [] [main] INFO  com.liwg.redisstudy.RedisStudyApplication[55] || Starting RedisStudyApplication using Java 1.8.0_171 on DESKTOP-AS2ORGJ with PID 16816 (E:\git-temp\abLiveMonitor\target\classes started by 651916120 in E:\git-temp\abLiveMonitor)
2022-02-15 00:31:26.550 [] [main] INFO  com.liwg.redisstudy.RedisStudyApplication[637] || No active profile set, falling back to default profiles: default
2022-02-15 00:31:27.259 [] [main] INFO  o.s.d.r.config.RepositoryConfigurationDelegate[262] || Multiple Spring Data modules found, entering strict repository configuration mode!
2022-02-15 00:31:27.262 [] [main] INFO  o.s.d.r.config.RepositoryConfigurationDelegate[132] || Bootstrapping Spring Data Redis repositories in DEFAULT mode.
2022-02-15 00:31:27.301 [] [main] INFO  o.s.d.r.config.RepositoryConfigurationDelegate[201] || Finished Spring Data repository scanning in 8 ms. Found 0 Redis repository interfaces.
2022-02-15 00:31:27.850 [] [main] INFO  o.s.boot.web.embedded.tomcat.TomcatWebServer[108] || Tomcat initialized with port(s): 8080 (http)
2022-02-15 00:31:27.863 [] [main] INFO  org.apache.catalina.core.StandardService[173] || Starting service [Tomcat]
2022-02-15 00:31:27.863 [] [main] INFO  org.apache.catalina.core.StandardEngine[173] || Starting Servlet engine: [Apache Tomcat/9.0.56]
2022-02-15 00:31:27.966 [] [main] INFO  o.a.c.core.ContainerBase.[Tomcat].[localhost].[/][173] || Initializing Spring embedded WebApplicationContext
2022-02-15 00:31:27.967 [] [main] INFO  o.s.b.w.s.c.ServletWebServerApplicationContext[290] || Root WebApplicationContext: initialization completed in 1368 ms
2022-02-15 00:31:29.038 [] [main] INFO  o.s.boot.web.embedded.tomcat.TomcatWebServer[220] || Tomcat started on port(s): 8080 (http) with context path ''
2022-02-15 00:31:29.062 [] [main] INFO  com.liwg.redisstudy.RedisStudyApplication[61] || Started RedisStudyApplication in 3.13 seconds (JVM running for 4.679)
2022-02-15 00:32:30.319 [] [main] INFO  com.liwg.redisstudy.RedisStudyApplication[55] || Starting RedisStudyApplication using Java 1.8.0_171 on DESKTOP-AS2ORGJ with PID 6080 (E:\git-temp\abLiveMonitor\target\classes started by 651916120 in E:\git-temp\abLiveMonitor)
2022-02-15 00:32:30.324 [] [main] INFO  com.liwg.redisstudy.RedisStudyApplication[637] || No active profile set, falling back to default profiles: default
2022-02-15 00:32:30.983 [] [main] INFO  o.s.d.r.config.RepositoryConfigurationDelegate[262] || Multiple Spring Data modules found, entering strict repository configuration mode!
2022-02-15 00:32:30.986 [] [main] INFO  o.s.d.r.config.RepositoryConfigurationDelegate[132] || Bootstrapping Spring Data Redis repositories in DEFAULT mode.
2022-02-15 00:32:31.022 [] [main] INFO  o.s.d.r.config.RepositoryConfigurationDelegate[201] || Finished Spring Data repository scanning in 14 ms. Found 0 Redis repository interfaces.
2022-02-15 00:32:31.544 [] [main] INFO  o.s.boot.web.embedded.tomcat.TomcatWebServer[108] || Tomcat initialized with port(s): 7979 (http)
2022-02-15 00:32:31.555 [] [main] INFO  org.apache.catalina.core.StandardService[173] || Starting service [Tomcat]
2022-02-15 00:32:31.556 [] [main] INFO  org.apache.catalina.core.StandardEngine[173] || Starting Servlet engine: [Apache Tomcat/9.0.56]
2022-02-15 00:32:31.665 [] [main] INFO  o.a.c.core.ContainerBase.[Tomcat].[localhost].[/][173] || Initializing Spring embedded WebApplicationContext
2022-02-15 00:32:31.666 [] [main] INFO  o.s.b.w.s.c.ServletWebServerApplicationContext[290] || Root WebApplicationContext: initialization completed in 1290 ms
2022-02-15 00:32:32.799 [] [main] INFO  o.s.boot.web.embedded.tomcat.TomcatWebServer[220] || Tomcat started on port(s): 7979 (http) with context path ''
2022-02-15 00:32:32.822 [] [main] INFO  com.liwg.redisstudy.RedisStudyApplication[61] || Started RedisStudyApplication in 3.151 seconds (JVM running for 4.247)
2022-02-15 00:32:40.515 [] [http-nio-7979-exec-1] INFO  o.a.c.core.ContainerBase.[Tomcat].[localhost].[/][173] || Initializing Spring DispatcherServlet 'dispatcherServlet'
2022-02-15 00:32:40.515 [] [http-nio-7979-exec-1] INFO  org.springframework.web.servlet.DispatcherServlet[525] || Initializing Servlet 'dispatcherServlet'
2022-02-15 00:32:40.518 [] [http-nio-7979-exec-1] INFO  org.springframework.web.servlet.DispatcherServlet[547] || Completed initialization in 2 ms
